<?xml version="1.0" encoding="UTF-8"?>
<!-- Generated by org.testng.reporters.JUnitReportReporter -->
<testsuite hostname="WarMachine" failures="0" tests="2" name="tests.SignUpPageTest" time="22.743" errors="2" timestamp="2025-04-08T10:37:53 IST" skipped="0">
  <testcase classname="tests.SignUpPageTest" name="SignUp" time="21.590">
    <error message="no such element: Unable to locate element: {&quot;method&quot;:&quot;xpath&quot;,&quot;selector&quot;:&quot;//p[contains(text(), &#039;Orders&#039;)]/following-sibling::p[contains(text(), &#039;Logout&#039;)]&quot;}
  (Session info: chrome=135.0.7049.42)
For documentation on this error, please visit: https://www.selenium.dev/documentation/webdriver/troubleshooting/errors#no-such-element-exception
Build info: version: &#039;4.27.0&#039;, revision: &#039;d6e718d134&#039;
System info: os.name: &#039;Windows 11&#039;, os.arch: &#039;amd64&#039;, os.version: &#039;10.0&#039;, java.version: &#039;21.0.6&#039;
Driver info: org.openqa.selenium.chrome.ChromeDriver
Command: [3ade8879c669e30ddee39d555884ea2b, findElement {value=//p[contains(text(), &#039;Orders&#039;)]/following-sibling::p[contains(text(), &#039;Logout&#039;)], using=xpath}]
Capabilities {acceptInsecureCerts: false, browserName: chrome, browserVersion: 135.0.7049.42, chrome: {chromedriverVersion: 135.0.7049.42 (0f351bbd2617..., userDataDir: C:\Users\gssar\AppData\Loca...}, fedcm:accounts: true, goog:chromeOptions: {debuggerAddress: localhost:50844}, networkConnectionEnabled: false, pageLoadStrategy: normal, platformName: windows, proxy: Proxy(), se:cdp: ws://localhost:50844/devtoo..., se:cdpVersion: 135.0.7049.42, setWindowRect: true, strictFileInteractability: false, timeouts: {implicit: 0, pageLoad: 300000, script: 30000}, unhandledPromptBehavior: dismiss and notify, webauthn:extension:credBlob: true, webauthn:extension:largeBlob: true, webauthn:extension:minPinLength: true, webauthn:extension:prf: true, webauthn:virtualAuthenticators: true}
Session ID: 3ade8879c669e30ddee39d555884ea2b" type="org.openqa.selenium.NoSuchElementException">
      <![CDATA[org.openqa.selenium.NoSuchElementException: no such element: Unable to locate element: {"method":"xpath","selector":"//p[contains(text(), 'Orders')]/following-sibling::p[contains(text(), 'Logout')]"}
  (Session info: chrome=135.0.7049.42)
For documentation on this error, please visit: https://www.selenium.dev/documentation/webdriver/troubleshooting/errors#no-such-element-exception
Build info: version: '4.27.0', revision: 'd6e718d134'
System info: os.name: 'Windows 11', os.arch: 'amd64', os.version: '10.0', java.version: '21.0.6'
Driver info: org.openqa.selenium.chrome.ChromeDriver
Command: [3ade8879c669e30ddee39d555884ea2b, findElement {value=//p[contains(text(), 'Orders')]/following-sibling::p[contains(text(), 'Logout')], using=xpath}]
Capabilities {acceptInsecureCerts: false, browserName: chrome, browserVersion: 135.0.7049.42, chrome: {chromedriverVersion: 135.0.7049.42 (0f351bbd2617..., userDataDir: C:\Users\gssar\AppData\Loca...}, fedcm:accounts: true, goog:chromeOptions: {debuggerAddress: localhost:50844}, networkConnectionEnabled: false, pageLoadStrategy: normal, platformName: windows, proxy: Proxy(), se:cdp: ws://localhost:50844/devtoo..., se:cdpVersion: 135.0.7049.42, setWindowRect: true, strictFileInteractability: false, timeouts: {implicit: 0, pageLoad: 300000, script: 30000}, unhandledPromptBehavior: dismiss and notify, webauthn:extension:credBlob: true, webauthn:extension:largeBlob: true, webauthn:extension:minPinLength: true, webauthn:extension:prf: true, webauthn:virtualAuthenticators: true}
Session ID: 3ade8879c669e30ddee39d555884ea2b
at java.base/jdk.internal.reflect.DirectConstructorHandleAccessor.newInstance(DirectConstructorHandleAccessor.java:62)
at java.base/java.lang.reflect.Constructor.newInstanceWithCaller(Constructor.java:502)
at java.base/java.lang.reflect.Constructor.newInstance(Constructor.java:486)
at org.openqa.selenium.remote.ErrorCodec.decode(ErrorCodec.java:167)
at org.openqa.selenium.remote.codec.w3c.W3CHttpResponseCodec.decode(W3CHttpResponseCodec.java:138)
at org.openqa.selenium.remote.codec.w3c.W3CHttpResponseCodec.decode(W3CHttpResponseCodec.java:50)
at org.openqa.selenium.remote.HttpCommandExecutor.execute(HttpCommandExecutor.java:190)
at org.openqa.selenium.remote.service.DriverCommandExecutor.invokeExecute(DriverCommandExecutor.java:216)
at org.openqa.selenium.remote.service.DriverCommandExecutor.execute(DriverCommandExecutor.java:174)
at org.openqa.selenium.remote.RemoteWebDriver.execute(RemoteWebDriver.java:545)
at org.openqa.selenium.remote.ElementLocation$ElementFinder$2.findElement(ElementLocation.java:165)
at org.openqa.selenium.remote.ElementLocation.findElement(ElementLocation.java:59)
at org.openqa.selenium.remote.RemoteWebDriver.findElement(RemoteWebDriver.java:368)
at org.openqa.selenium.remote.RemoteWebDriver.findElement(RemoteWebDriver.java:362)
at pages.SignUpPage.Logout(SignUpPage.java:62)
at tests.SignUpPageTest.SignUp(SignUpPageTest.java:31)
at java.base/jdk.internal.reflect.DirectMethodHandleAccessor.invoke(DirectMethodHandleAccessor.java:103)
at java.base/java.lang.reflect.Method.invoke(Method.java:580)
at org.testng.internal.invokers.MethodInvocationHelper.invokeMethod(MethodInvocationHelper.java:141)
at org.testng.internal.invokers.TestInvoker.invokeMethod(TestInvoker.java:686)
at org.testng.internal.invokers.TestInvoker.invokeTestMethod(TestInvoker.java:230)
at org.testng.internal.invokers.MethodRunner.runInSequence(MethodRunner.java:63)
at org.testng.internal.invokers.TestInvoker$MethodInvocationAgent.invoke(TestInvoker.java:992)
at org.testng.internal.invokers.TestInvoker.invokeTestMethods(TestInvoker.java:203)
at org.testng.internal.invokers.TestMethodWorker.invokeTestMethods(TestMethodWorker.java:154)
at org.testng.internal.invokers.TestMethodWorker.run(TestMethodWorker.java:134)
at java.base/java.util.ArrayList.forEach(ArrayList.java:1596)
at org.testng.TestRunner.privateRun(TestRunner.java:739)
at org.testng.TestRunner.run(TestRunner.java:614)
at org.testng.SuiteRunner.runTest(SuiteRunner.java:421)
at org.testng.SuiteRunner.runSequentially(SuiteRunner.java:413)
at org.testng.SuiteRunner.privateRun(SuiteRunner.java:373)
at org.testng.SuiteRunner.run(SuiteRunner.java:312)
at org.testng.SuiteRunnerWorker.runSuite(SuiteRunnerWorker.java:52)
at org.testng.SuiteRunnerWorker.run(SuiteRunnerWorker.java:95)
at org.testng.TestNG.runSuitesSequentially(TestNG.java:1274)
at org.testng.TestNG.runSuitesLocally(TestNG.java:1208)
at org.testng.TestNG.runSuites(TestNG.java:1112)
at org.testng.TestNG.run(TestNG.java:1079)
at org.testng.remote.AbstractRemoteTestNG.run(AbstractRemoteTestNG.java:115)
at org.testng.remote.RemoteTestNG.initAndRun(RemoteTestNG.java:293)
at org.testng.remote.RemoteTestNG.main(RemoteTestNG.java:91)
]]>
    </error>
  </testcase> <!-- SignUp -->
  <testcase classname="tests.SignUpPageTest" name="DuplicateSign" time="1.153">
    <error message="element click intercepted: Element &lt;img class=&quot;w-5 cursor-pointer&quot; src=&quot;data:image/png;base64,iVBORw0KGgoAAAANSUhEUgAAAGAAAABgCAYAAADimHc4AAAAAXNSR0IArs4c6QAABJVJREFUeF7tnI1tFzEMxdNJgEmASYBJgEkokwCTwCbQh87S6dSendg++6R3UvXvRz7fz06cXNKHwadUgYfS2ln5IIBiIyAAAihWoLh6egABFCtQXD09gACKFSiunh5AAMUKFFdPDyCAYgWKq6cHEECxAsXV0wMIwKzA6zEGvt6NMd5u3+PnP1sJ+MTXr6e/PZpLLU54Bw+AyB/HGJ8ntAKIn2OMrztAE9mvS9odwJdJ4Y/KAcT3p1+inJZPVwCw+m/bcBMhHEC87+gNHQFA/B/bGB8hvpTREkI3AFnit4XQDQAsH1FO5gNPeJNZwUzZnQB4J9yZfiNM/TSTISttFwAYen4bOymRDcJMfMn6AJ8IVfGpPW3mgy4AEPEg1tcexPVnIeXMmqGFF3QB8FdTfgsjYfGWB/MI5pOzp8Vc0AEALB8ecPasWKtlTsHawArVAn46TQcA2vCzaqmWxdwK2GmRzzJ0AKCFntq4f9Y/zQtg/fCCsqcDAEQ/Z5ELwsXV3U1tLlj1rjBgHQBoEzAWTbLlPNtxLbwlgKfYPRMAgGnllxphaeWbOWtDkCdS0SIsesAWr5/t/3ASnh14J9NnhaFohhZhMQzddj+1VeuKUBpYAPJEWJN29nzyDnOAFqlIy2fE0sJPKbO8/+UN2JSwWCuSWuYDbfEl4q94VYjV7wvpAsDqBWg7Ihc57bDfjobVfzBuR6Mcz/oiDEQXAOiQ1XIjOm/xpIh61DI6AbBsnqkdMiQo3//pOARJm654Kd/mfTA63ckDsiFg7kAkVbr/f/TQjgDQxujhqNWw03kI2rdt5v3u2dDfZsJ9rpFdPSACRGvh26wEDVHLfm44Hk0/Hk/H0XSM9asvcCaaE5P0Dh4Q09OmpRBAMRgCIIBiBYqr7+wB+zthkOnVbqNNTlHI5/6eGNLKzzIpt1p8dV0HIMKRKCfjiLpc4mt1ka/SA2ShBcu2HMyNHizkIl/prcqrAYjouGaaYeUeSCUX+q4CELWt4BHYmlc8A7cr0+eObAByaaJiiLEKfpYOK+pUEFkAsvf1I8SdKSPtRk0GgCtfLc6I6E2bMkdEA7CebrCKsf//D/L9Ps6XeP+4LpA1BCIsTPaWe2PWNoWepogEYD2Lc9bR4wU8qyhauv2iLiICC9vqjgLgER+RBmLxK/+fA4DIMZaVcDjs9WYUgNmhJ2U81dzghb9LiDxzpghFhbzmjAKgncGXvsuhqo4vTGa9IsQLIgBYrD8tjFu0ei2bNYx2zwVXAAhxVU2xhL9bTma4+xYBQLvhMnOqOUFHV5FacOG+YRMBQBv/WxyCXcSgHRq+BYAIyIv6hWTTDMzVP1fmrXupDQyR0FdIav8IQIdzewB6F++dwmXErszGIeje8uqtd2noykwA/xVwaejKTAAEoA8Q+SlcRuzKTA+gB+Tbt16Dy4hdmekBPTxAtxGmeFGBCA+gvA4FCMAhXkRWAohQ0VEGATjEi8hKABEqOsogAId4EVkJIEJFRxkE4BAvIisBRKjoKIMAHOJFZCWACBUdZRCAQ7yIrAQQoaKjDAJwiBeRlQAiVHSU8Q9xhc5hSlhh2AAAAABJRU5ErkJggg==&quot; alt=&quot;&quot;&gt; is not clickable at point (1328, 92). Other element would receive the click: &lt;div tabindex=&quot;-1&quot; class=&quot;Toastify__toast-container Toastify__toast-container--top-right&quot;&gt;...&lt;/div&gt;
  (Session info: chrome=135.0.7049.42)
Build info: version: &#039;4.27.0&#039;, revision: &#039;d6e718d134&#039;
System info: os.name: &#039;Windows 11&#039;, os.arch: &#039;amd64&#039;, os.version: &#039;10.0&#039;, java.version: &#039;21.0.6&#039;
Driver info: org.openqa.selenium.chrome.ChromeDriver
Command: [3ade8879c669e30ddee39d555884ea2b, clickElement {id=f.7B66568C26C199E12E0A753E55481EA9.d.D5AD3A41D05B31832DB653D6C3DFCA8B.e.7}]
Capabilities {acceptInsecureCerts: false, browserName: chrome, browserVersion: 135.0.7049.42, chrome: {chromedriverVersion: 135.0.7049.42 (0f351bbd2617..., userDataDir: C:\Users\gssar\AppData\Loca...}, fedcm:accounts: true, goog:chromeOptions: {debuggerAddress: localhost:50844}, networkConnectionEnabled: false, pageLoadStrategy: normal, platformName: windows, proxy: Proxy(), se:cdp: ws://localhost:50844/devtoo..., se:cdpVersion: 135.0.7049.42, setWindowRect: true, strictFileInteractability: false, timeouts: {implicit: 0, pageLoad: 300000, script: 30000}, unhandledPromptBehavior: dismiss and notify, webauthn:extension:credBlob: true, webauthn:extension:largeBlob: true, webauthn:extension:minPinLength: true, webauthn:extension:prf: true, webauthn:virtualAuthenticators: true}
Element: [[ChromeDriver: chrome on windows (3ade8879c669e30ddee39d555884ea2b)] -&gt; xpath: //html/body/div[1]/div/div[1]/div[1]/div/img]
Session ID: 3ade8879c669e30ddee39d555884ea2b" type="org.openqa.selenium.ElementClickInterceptedException">
      <![CDATA[org.openqa.selenium.ElementClickInterceptedException: element click intercepted: Element <img class="w-5 cursor-pointer" src="data:image/png;base64,iVBORw0KGgoAAAANSUhEUgAAAGAAAABgCAYAAADimHc4AAAAAXNSR0IArs4c6QAABJVJREFUeF7tnI1tFzEMxdNJgEmASYBJgEkokwCTwCbQh87S6dSendg++6R3UvXvRz7fz06cXNKHwadUgYfS2ln5IIBiIyAAAihWoLh6egABFCtQXD09gACKFSiunh5AAMUKFFdPDyCAYgWKq6cHEECxAsXV0wMIwKzA6zEGvt6NMd5u3+PnP1sJ+MTXr6e/PZpLLU54Bw+AyB/HGJ8ntAKIn2OMrztAE9mvS9odwJdJ4Y/KAcT3p1+inJZPVwCw+m/bcBMhHEC87+gNHQFA/B/bGB8hvpTREkI3AFnit4XQDQAsH1FO5gNPeJNZwUzZnQB4J9yZfiNM/TSTISttFwAYen4bOymRDcJMfMn6AJ8IVfGpPW3mgy4AEPEg1tcexPVnIeXMmqGFF3QB8FdTfgsjYfGWB/MI5pOzp8Vc0AEALB8ecPasWKtlTsHawArVAn46TQcA2vCzaqmWxdwK2GmRzzJ0AKCFntq4f9Y/zQtg/fCCsqcDAEQ/Z5ELwsXV3U1tLlj1rjBgHQBoEzAWTbLlPNtxLbwlgKfYPRMAgGnllxphaeWbOWtDkCdS0SIsesAWr5/t/3ASnh14J9NnhaFohhZhMQzddj+1VeuKUBpYAPJEWJN29nzyDnOAFqlIy2fE0sJPKbO8/+UN2JSwWCuSWuYDbfEl4q94VYjV7wvpAsDqBWg7Ihc57bDfjobVfzBuR6Mcz/oiDEQXAOiQ1XIjOm/xpIh61DI6AbBsnqkdMiQo3//pOARJm654Kd/mfTA63ckDsiFg7kAkVbr/f/TQjgDQxujhqNWw03kI2rdt5v3u2dDfZsJ9rpFdPSACRGvh26wEDVHLfm44Hk0/Hk/H0XSM9asvcCaaE5P0Dh4Q09OmpRBAMRgCIIBiBYqr7+wB+zthkOnVbqNNTlHI5/6eGNLKzzIpt1p8dV0HIMKRKCfjiLpc4mt1ka/SA2ShBcu2HMyNHizkIl/prcqrAYjouGaaYeUeSCUX+q4CELWt4BHYmlc8A7cr0+eObAByaaJiiLEKfpYOK+pUEFkAsvf1I8SdKSPtRk0GgCtfLc6I6E2bMkdEA7CebrCKsf//D/L9Ps6XeP+4LpA1BCIsTPaWe2PWNoWepogEYD2Lc9bR4wU8qyhauv2iLiICC9vqjgLgER+RBmLxK/+fA4DIMZaVcDjs9WYUgNmhJ2U81dzghb9LiDxzpghFhbzmjAKgncGXvsuhqo4vTGa9IsQLIgBYrD8tjFu0ei2bNYx2zwVXAAhxVU2xhL9bTma4+xYBQLvhMnOqOUFHV5FacOG+YRMBQBv/WxyCXcSgHRq+BYAIyIv6hWTTDMzVP1fmrXupDQyR0FdIav8IQIdzewB6F++dwmXErszGIeje8uqtd2noykwA/xVwaejKTAAEoA8Q+SlcRuzKTA+gB+Tbt16Dy4hdmekBPTxAtxGmeFGBCA+gvA4FCMAhXkRWAohQ0VEGATjEi8hKABEqOsogAId4EVkJIEJFRxkE4BAvIisBRKjoKIMAHOJFZCWACBUdZRCAQ7yIrAQQoaKjDAJwiBeRlQAiVHSU8Q9xhc5hSlhh2AAAAABJRU5ErkJggg==" alt=""> is not clickable at point (1328, 92). Other element would receive the click: <div tabindex="-1" class="Toastify__toast-container Toastify__toast-container--top-right">...</div>
  (Session info: chrome=135.0.7049.42)
Build info: version: '4.27.0', revision: 'd6e718d134'
System info: os.name: 'Windows 11', os.arch: 'amd64', os.version: '10.0', java.version: '21.0.6'
Driver info: org.openqa.selenium.chrome.ChromeDriver
Command: [3ade8879c669e30ddee39d555884ea2b, clickElement {id=f.7B66568C26C199E12E0A753E55481EA9.d.D5AD3A41D05B31832DB653D6C3DFCA8B.e.7}]
Capabilities {acceptInsecureCerts: false, browserName: chrome, browserVersion: 135.0.7049.42, chrome: {chromedriverVersion: 135.0.7049.42 (0f351bbd2617..., userDataDir: C:\Users\gssar\AppData\Loca...}, fedcm:accounts: true, goog:chromeOptions: {debuggerAddress: localhost:50844}, networkConnectionEnabled: false, pageLoadStrategy: normal, platformName: windows, proxy: Proxy(), se:cdp: ws://localhost:50844/devtoo..., se:cdpVersion: 135.0.7049.42, setWindowRect: true, strictFileInteractability: false, timeouts: {implicit: 0, pageLoad: 300000, script: 30000}, unhandledPromptBehavior: dismiss and notify, webauthn:extension:credBlob: true, webauthn:extension:largeBlob: true, webauthn:extension:minPinLength: true, webauthn:extension:prf: true, webauthn:virtualAuthenticators: true}
Element: [[ChromeDriver: chrome on windows (3ade8879c669e30ddee39d555884ea2b)] -> xpath: //html/body/div[1]/div/div[1]/div[1]/div/img]
Session ID: 3ade8879c669e30ddee39d555884ea2b
at java.base/jdk.internal.reflect.DirectConstructorHandleAccessor.newInstance(DirectConstructorHandleAccessor.java:62)
at java.base/java.lang.reflect.Constructor.newInstanceWithCaller(Constructor.java:502)
at java.base/java.lang.reflect.Constructor.newInstance(Constructor.java:486)
at org.openqa.selenium.remote.ErrorCodec.decode(ErrorCodec.java:167)
at org.openqa.selenium.remote.codec.w3c.W3CHttpResponseCodec.decode(W3CHttpResponseCodec.java:138)
at org.openqa.selenium.remote.codec.w3c.W3CHttpResponseCodec.decode(W3CHttpResponseCodec.java:50)
at org.openqa.selenium.remote.HttpCommandExecutor.execute(HttpCommandExecutor.java:190)
at org.openqa.selenium.remote.service.DriverCommandExecutor.invokeExecute(DriverCommandExecutor.java:216)
at org.openqa.selenium.remote.service.DriverCommandExecutor.execute(DriverCommandExecutor.java:174)
at org.openqa.selenium.remote.RemoteWebDriver.execute(RemoteWebDriver.java:545)
at org.openqa.selenium.remote.RemoteWebElement.execute(RemoteWebElement.java:223)
at org.openqa.selenium.remote.RemoteWebElement.click(RemoteWebElement.java:76)
at pages.SignUpPage.SignUp(SignUpPage.java:21)
at tests.SignUpPageTest.DuplicateSign(SignUpPageTest.java:37)
at java.base/jdk.internal.reflect.DirectMethodHandleAccessor.invoke(DirectMethodHandleAccessor.java:103)
at java.base/java.lang.reflect.Method.invoke(Method.java:580)
at org.testng.internal.invokers.MethodInvocationHelper.invokeMethod(MethodInvocationHelper.java:141)
at org.testng.internal.invokers.TestInvoker.invokeMethod(TestInvoker.java:686)
at org.testng.internal.invokers.TestInvoker.invokeTestMethod(TestInvoker.java:230)
at org.testng.internal.invokers.MethodRunner.runInSequence(MethodRunner.java:63)
at org.testng.internal.invokers.TestInvoker$MethodInvocationAgent.invoke(TestInvoker.java:992)
at org.testng.internal.invokers.TestInvoker.invokeTestMethods(TestInvoker.java:203)
at org.testng.internal.invokers.TestMethodWorker.invokeTestMethods(TestMethodWorker.java:154)
at org.testng.internal.invokers.TestMethodWorker.run(TestMethodWorker.java:134)
at java.base/java.util.ArrayList.forEach(ArrayList.java:1596)
at org.testng.TestRunner.privateRun(TestRunner.java:739)
at org.testng.TestRunner.run(TestRunner.java:614)
at org.testng.SuiteRunner.runTest(SuiteRunner.java:421)
at org.testng.SuiteRunner.runSequentially(SuiteRunner.java:413)
at org.testng.SuiteRunner.privateRun(SuiteRunner.java:373)
at org.testng.SuiteRunner.run(SuiteRunner.java:312)
at org.testng.SuiteRunnerWorker.runSuite(SuiteRunnerWorker.java:52)
at org.testng.SuiteRunnerWorker.run(SuiteRunnerWorker.java:95)
at org.testng.TestNG.runSuitesSequentially(TestNG.java:1274)
at org.testng.TestNG.runSuitesLocally(TestNG.java:1208)
at org.testng.TestNG.runSuites(TestNG.java:1112)
at org.testng.TestNG.run(TestNG.java:1079)
at org.testng.remote.AbstractRemoteTestNG.run(AbstractRemoteTestNG.java:115)
at org.testng.remote.RemoteTestNG.initAndRun(RemoteTestNG.java:293)
at org.testng.remote.RemoteTestNG.main(RemoteTestNG.java:91)
]]>
    </error>
  </testcase> <!-- DuplicateSign -->
</testsuite> <!-- tests.SignUpPageTest -->
