<?xml version="1.0" encoding="UTF-8"?>
<!-- Generated by org.testng.reporters.JUnitReportReporter -->
<testsuite hostname="WarMachine" failures="0" tests="1" name="tests.UserSignUpPageTest" time="5.853" errors="1" timestamp="2025-04-08T11:34:58 IST" skipped="0">
  <testcase classname="tests.UserSignUpPageTest" name="Sign" time="5.853">
    <error message="element click intercepted: Element &lt;img src=&quot;data:image/png;base64,iVBORw0KGgoAAAANSUhEUgAAAGAAAABgCAYAAADimHc4AAAAAXNSR0IArs4c6QAABFhJREFUeF7tXOvN1DAQ9FcJUAlQCVAJUAlQCVAJUAncShcR5cvFY3v24WQj3a9L7PXMzj7iJE8lD1cEnlxnz8lLEuDsBElAEuCMgPP0qYAkwBkB5+lTAQEJ+Nth06tSyu+O6y5/yZ4Cegj4Wkr5cHk0OwBgESBTpwqcCUgVOBOQKghAwOebDZ867LjsJcwcsICYuaDBnTQISBUMElC7/Fcp5WXtpAv9/6OU8vOGiRQhzb1QTyf8vpTy5UIAo0sVIqQXaiKhhwAxKFWwT4sQIEqAj14CUgX7EIsK3sLolzK0I5YqeI60hB+pAuGjVwEygdT7H+GZrnFicwU4QkDmgudO1dwDjRKQKvhPQnP8l0tHCUBU0GVYoIglPY/ku9rR7P0sAhAVNJdntdUa/o+srzn2L/YzFHBmFSDe31z5rJ2HRQDiJVIfSzia6fh+s/lNxeBu72eFIBlHPEWMPbpHNFsuEOBlTUfHkPczCZCx5P6QdMhHR1eicpIM0mgOeT+bgDOpAAmpw97PJuBMKkCeDKHkNFYSXqIEEjejb94j3k/LZ2wCZlcBUnbKGmm5TIMARAXDyUspMSPeT7VdgwCkMaN6EYkMxPspiVejEdtigGzYUD2JQAJSRtNt1lLAbCpw8X6NMnTtiDOpQP2WwyOFaipgFhUgRQM99i+EaBNgXlV05ALklgOl6dqzTZuA6CpAHITWdHkRgCySXl0ASkASr3q5bKEARAUSY0XmTU+VASAfnRLCMawIQBY7iCf9crXEa9GI7aGBJDs6igMDmoRFKwUIDkitPYAX9VIT79duxNaIoAmPiuLAYCbeb0nATN6vWnZuncIiBCGd5oCzUi81Cz1WnTBSglIRHBjM1POtCIheforHC/DfvJ5Z0gxBaOKlbe8NeL/bpZoEIN5vVm24IVyZWIsAxPvNE15EErQISO8H2dYgIL0fBF+rEUvvdyag1vVm7F8RpBGCas9Vqm3vNThemFM1CJjttnMrGVTMqIPdV1ILQa0LjnY+FTPqYHekkCQcDdQWe6iYUQdbreLMYYiKGXWwFQFnVgEVM+pgGx2fNRdQMaMOthNIkSeOW+JvhHOpmFEHe4CO7Ii9W71vO/vnzqiYUQeL4J6z2ZAEODOWBCQBzgg4T2+hAEm68rbMi1Uiljui3d/aJGPmap82AchrSp7fEnK3T5OAlkbM4+35EPZpEdBzK8LyCYkw9mkQgOwJPwrjFs8IhbJPg4Ae71oIsQhFoezTIKAltm6VYPF8Zij7NAio7QnXqkgNm9ZzhrJPY7EjmzEWT0yEsk+DgFAS35FbKPs0CBjZA7AoRUPZp0EA8vE+7zK09olNM/s0CBDje0o9C+9fgA1jnxYBstCWWGtRfm69OoR9mgQsSpDtyKNtSM+bcaIEV/u0CRASZE9Yfq/vRAgZ0vH+ub+X5f09aVf7LAioNV6X/j8JcKY/CUgCnBFwnj4VkAQ4I+A8fSogCXBGwHn6f4Gg5GHWpS5LAAAAAElFTkSuQmCC&quot; class=&quot;w-5 min-w-5&quot; alt=&quot;&quot;&gt; is not clickable at point (1372, 92). Other element would receive the click: &lt;div tabindex=&quot;-1&quot; class=&quot;Toastify__toast-container Toastify__toast-container--top-right&quot;&gt;...&lt;/div&gt;
  (Session info: chrome=135.0.7049.42)
Build info: version: &#039;4.27.0&#039;, revision: &#039;d6e718d134&#039;
System info: os.name: &#039;Windows 11&#039;, os.arch: &#039;amd64&#039;, os.version: &#039;10.0&#039;, java.version: &#039;21.0.6&#039;
Driver info: org.openqa.selenium.chrome.ChromeDriver
Command: [7a4c460a8fc69930b99406deb0d424a1, clickElement {id=f.2306B3166161F5EF9B8A5C61E717300D.d.CEEAAE4D83833B995114BEC58D8A7730.e.8}]
Capabilities {acceptInsecureCerts: false, browserName: chrome, browserVersion: 135.0.7049.42, chrome: {chromedriverVersion: 135.0.7049.42 (0f351bbd2617..., userDataDir: C:\Users\gssar\AppData\Loca...}, fedcm:accounts: true, goog:chromeOptions: {debuggerAddress: localhost:52443}, networkConnectionEnabled: false, pageLoadStrategy: normal, platformName: windows, proxy: Proxy(), se:cdp: ws://localhost:52443/devtoo..., se:cdpVersion: 135.0.7049.42, setWindowRect: true, strictFileInteractability: false, timeouts: {implicit: 0, pageLoad: 300000, script: 30000}, unhandledPromptBehavior: dismiss and notify, webauthn:extension:credBlob: true, webauthn:extension:largeBlob: true, webauthn:extension:minPinLength: true, webauthn:extension:prf: true, webauthn:virtualAuthenticators: true}
Element: [[ChromeDriver: chrome on windows (7a4c460a8fc69930b99406deb0d424a1)] -&gt; xpath: //*[@id=&quot;root&quot;]/div/div[1]/div[1]/a/img]
Session ID: 7a4c460a8fc69930b99406deb0d424a1" type="org.openqa.selenium.ElementClickInterceptedException">
      <![CDATA[org.openqa.selenium.ElementClickInterceptedException: element click intercepted: Element <img src="data:image/png;base64,iVBORw0KGgoAAAANSUhEUgAAAGAAAABgCAYAAADimHc4AAAAAXNSR0IArs4c6QAABFhJREFUeF7tXOvN1DAQ9FcJUAlQCVAJUAlQCVAJUAncShcR5cvFY3v24WQj3a9L7PXMzj7iJE8lD1cEnlxnz8lLEuDsBElAEuCMgPP0qYAkwBkB5+lTAQEJ+Nth06tSyu+O6y5/yZ4Cegj4Wkr5cHk0OwBgESBTpwqcCUgVOBOQKghAwOebDZ867LjsJcwcsICYuaDBnTQISBUMElC7/Fcp5WXtpAv9/6OU8vOGiRQhzb1QTyf8vpTy5UIAo0sVIqQXaiKhhwAxKFWwT4sQIEqAj14CUgX7EIsK3sLolzK0I5YqeI60hB+pAuGjVwEygdT7H+GZrnFicwU4QkDmgudO1dwDjRKQKvhPQnP8l0tHCUBU0GVYoIglPY/ku9rR7P0sAhAVNJdntdUa/o+srzn2L/YzFHBmFSDe31z5rJ2HRQDiJVIfSzia6fh+s/lNxeBu72eFIBlHPEWMPbpHNFsuEOBlTUfHkPczCZCx5P6QdMhHR1eicpIM0mgOeT+bgDOpAAmpw97PJuBMKkCeDKHkNFYSXqIEEjejb94j3k/LZ2wCZlcBUnbKGmm5TIMARAXDyUspMSPeT7VdgwCkMaN6EYkMxPspiVejEdtigGzYUD2JQAJSRtNt1lLAbCpw8X6NMnTtiDOpQP2WwyOFaipgFhUgRQM99i+EaBNgXlV05ALklgOl6dqzTZuA6CpAHITWdHkRgCySXl0ASkASr3q5bKEARAUSY0XmTU+VASAfnRLCMawIQBY7iCf9crXEa9GI7aGBJDs6igMDmoRFKwUIDkitPYAX9VIT79duxNaIoAmPiuLAYCbeb0nATN6vWnZuncIiBCGd5oCzUi81Cz1WnTBSglIRHBjM1POtCIheforHC/DfvJ5Z0gxBaOKlbe8NeL/bpZoEIN5vVm24IVyZWIsAxPvNE15EErQISO8H2dYgIL0fBF+rEUvvdyag1vVm7F8RpBGCas9Vqm3vNThemFM1CJjttnMrGVTMqIPdV1ILQa0LjnY+FTPqYHekkCQcDdQWe6iYUQdbreLMYYiKGXWwFQFnVgEVM+pgGx2fNRdQMaMOthNIkSeOW+JvhHOpmFEHe4CO7Ii9W71vO/vnzqiYUQeL4J6z2ZAEODOWBCQBzgg4T2+hAEm68rbMi1Uiljui3d/aJGPmap82AchrSp7fEnK3T5OAlkbM4+35EPZpEdBzK8LyCYkw9mkQgOwJPwrjFs8IhbJPg4Ae71oIsQhFoezTIKAltm6VYPF8Zij7NAio7QnXqkgNm9ZzhrJPY7EjmzEWT0yEsk+DgFAS35FbKPs0CBjZA7AoRUPZp0EA8vE+7zK09olNM/s0CBDje0o9C+9fgA1jnxYBstCWWGtRfm69OoR9mgQsSpDtyKNtSM+bcaIEV/u0CRASZE9Yfq/vRAgZ0vH+ub+X5f09aVf7LAioNV6X/j8JcKY/CUgCnBFwnj4VkAQ4I+A8fSogCXBGwHn6f4Gg5GHWpS5LAAAAAElFTkSuQmCC" class="w-5 min-w-5" alt=""> is not clickable at point (1372, 92). Other element would receive the click: <div tabindex="-1" class="Toastify__toast-container Toastify__toast-container--top-right">...</div>
  (Session info: chrome=135.0.7049.42)
Build info: version: '4.27.0', revision: 'd6e718d134'
System info: os.name: 'Windows 11', os.arch: 'amd64', os.version: '10.0', java.version: '21.0.6'
Driver info: org.openqa.selenium.chrome.ChromeDriver
Command: [7a4c460a8fc69930b99406deb0d424a1, clickElement {id=f.2306B3166161F5EF9B8A5C61E717300D.d.CEEAAE4D83833B995114BEC58D8A7730.e.8}]
Capabilities {acceptInsecureCerts: false, browserName: chrome, browserVersion: 135.0.7049.42, chrome: {chromedriverVersion: 135.0.7049.42 (0f351bbd2617..., userDataDir: C:\Users\gssar\AppData\Loca...}, fedcm:accounts: true, goog:chromeOptions: {debuggerAddress: localhost:52443}, networkConnectionEnabled: false, pageLoadStrategy: normal, platformName: windows, proxy: Proxy(), se:cdp: ws://localhost:52443/devtoo..., se:cdpVersion: 135.0.7049.42, setWindowRect: true, strictFileInteractability: false, timeouts: {implicit: 0, pageLoad: 300000, script: 30000}, unhandledPromptBehavior: dismiss and notify, webauthn:extension:credBlob: true, webauthn:extension:largeBlob: true, webauthn:extension:minPinLength: true, webauthn:extension:prf: true, webauthn:virtualAuthenticators: true}
Element: [[ChromeDriver: chrome on windows (7a4c460a8fc69930b99406deb0d424a1)] -> xpath: //*[@id="root"]/div/div[1]/div[1]/a/img]
Session ID: 7a4c460a8fc69930b99406deb0d424a1
at java.base/jdk.internal.reflect.DirectConstructorHandleAccessor.newInstance(DirectConstructorHandleAccessor.java:62)
at java.base/java.lang.reflect.Constructor.newInstanceWithCaller(Constructor.java:502)
at java.base/java.lang.reflect.Constructor.newInstance(Constructor.java:486)
at org.openqa.selenium.remote.ErrorCodec.decode(ErrorCodec.java:167)
at org.openqa.selenium.remote.codec.w3c.W3CHttpResponseCodec.decode(W3CHttpResponseCodec.java:138)
at org.openqa.selenium.remote.codec.w3c.W3CHttpResponseCodec.decode(W3CHttpResponseCodec.java:50)
at org.openqa.selenium.remote.HttpCommandExecutor.execute(HttpCommandExecutor.java:190)
at org.openqa.selenium.remote.service.DriverCommandExecutor.invokeExecute(DriverCommandExecutor.java:216)
at org.openqa.selenium.remote.service.DriverCommandExecutor.execute(DriverCommandExecutor.java:174)
at org.openqa.selenium.remote.RemoteWebDriver.execute(RemoteWebDriver.java:545)
at org.openqa.selenium.remote.RemoteWebElement.execute(RemoteWebElement.java:223)
at org.openqa.selenium.remote.RemoteWebElement.click(RemoteWebElement.java:76)
at pages.UserSignUpPage.AddtoCart(UserSignUpPage.java:62)
at tests.UserSignUpPageTest.Sign(UserSignUpPageTest.java:23)
at java.base/jdk.internal.reflect.DirectMethodHandleAccessor.invoke(DirectMethodHandleAccessor.java:103)
at java.base/java.lang.reflect.Method.invoke(Method.java:580)
at org.testng.internal.invokers.MethodInvocationHelper.invokeMethod(MethodInvocationHelper.java:141)
at org.testng.internal.invokers.TestInvoker.invokeMethod(TestInvoker.java:686)
at org.testng.internal.invokers.TestInvoker.invokeTestMethod(TestInvoker.java:230)
at org.testng.internal.invokers.MethodRunner.runInSequence(MethodRunner.java:63)
at org.testng.internal.invokers.TestInvoker$MethodInvocationAgent.invoke(TestInvoker.java:992)
at org.testng.internal.invokers.TestInvoker.invokeTestMethods(TestInvoker.java:203)
at org.testng.internal.invokers.TestMethodWorker.invokeTestMethods(TestMethodWorker.java:154)
at org.testng.internal.invokers.TestMethodWorker.run(TestMethodWorker.java:134)
at java.base/java.util.ArrayList.forEach(ArrayList.java:1596)
at org.testng.TestRunner.privateRun(TestRunner.java:739)
at org.testng.TestRunner.run(TestRunner.java:614)
at org.testng.SuiteRunner.runTest(SuiteRunner.java:421)
at org.testng.SuiteRunner.runSequentially(SuiteRunner.java:413)
at org.testng.SuiteRunner.privateRun(SuiteRunner.java:373)
at org.testng.SuiteRunner.run(SuiteRunner.java:312)
at org.testng.SuiteRunnerWorker.runSuite(SuiteRunnerWorker.java:52)
at org.testng.SuiteRunnerWorker.run(SuiteRunnerWorker.java:95)
at org.testng.TestNG.runSuitesSequentially(TestNG.java:1274)
at org.testng.TestNG.runSuitesLocally(TestNG.java:1208)
at org.testng.TestNG.runSuites(TestNG.java:1112)
at org.testng.TestNG.run(TestNG.java:1079)
at org.testng.remote.AbstractRemoteTestNG.run(AbstractRemoteTestNG.java:115)
at org.testng.remote.RemoteTestNG.initAndRun(RemoteTestNG.java:293)
at org.testng.remote.RemoteTestNG.main(RemoteTestNG.java:91)
]]>
    </error>
  </testcase> <!-- Sign -->
</testsuite> <!-- tests.UserSignUpPageTest -->
